<?xml version="1.0" encoding="UTF-8"?>
<testng-results ignored="0" total="1" passed="1" failed="0" skipped="0">
  <reporter-output>
  </reporter-output>
  <suite started-at="2024-03-06T10:38:36 IST" name="Default suite" finished-at="2024-03-06T10:38:49 IST" duration-ms="12991">
    <groups>
    </groups>
    <test started-at="2024-03-06T10:38:36 IST" name="Default test" finished-at="2024-03-06T10:38:49 IST" duration-ms="12991">
      <class name="beauty.LaunchPurplle">
        <test-method signature="launch()[pri:0, instance:beauty.LaunchPurplle@1cbb87f3]" started-at="2024-03-06T10:38:36 IST" name="launch" finished-at="2024-03-06T10:38:49 IST" duration-ms="12925" status="PASS">
          <reporter-output>
          </reporter-output>
        </test-method> <!-- launch -->
      </class> <!-- beauty.LaunchPurplle -->
    </test> <!-- Default test -->
  </suite> <!-- Default suite -->
</testng-results>
